<?xml version="1.0" encoding="UTF-8"?>
<robot generator="Robot 5.0 (Python 3.9.7 on win32)" generated="20220503 09:57:42.004" rpa="false" schemaversion="3">
<suite id="s1" name="Workshop" source="C:\Users\FACT-PC\Desktop\git_workspace\sec2_PSPEducation\robot_framework\workshop.robot">
<test id="s1-t1" name="submit student registration form (TC3-1)" line="12">
<kw name="Open Browser" library="SeleniumLibrary">
<arg>${URL}</arg>
<arg>${WEB_BROWSER}</arg>
<doc>Opens a new browser instance to the optional ``url``.</doc>
<msg timestamp="20220503 09:57:42.162" level="INFO">Opening browser 'chrome' to base url 'http://localhost:5000/register'.</msg>
<msg timestamp="20220503 09:57:50.493" level="WARN">Keyword 'Capture Page Screenshot' could not be run on failure: Execution terminated by signal</msg>
<msg timestamp="20220503 09:57:50.494" level="FAIL">WebDriverException: Message: unknown error: cannot determine loading status
from disconnected: received Inspector.detached event
  (Session info: chrome=100.0.4896.127)
Stacktrace:
Backtrace:
	Ordinal0 [0x00367413+2389011]
	Ordinal0 [0x002F9F61+1941345]
	Ordinal0 [0x001EC658+837208]
	Ordinal0 [0x001DE87E+780414]
	Ordinal0 [0x001DE46F+779375]
	Ordinal0 [0x001DDA86+776838]
	Ordinal0 [0x001DC995+772501]
	Ordinal0 [0x001DCF98+774040]
	Ordinal0 [0x001E8C20+822304]
	Ordinal0 [0x001DE27D+778877]
	Ordinal0 [0x001DEE3D+781885]
	Ordinal0 [0x001DE48A+779402]
	Ordinal0 [0x001DDA86+776838]
	Ordinal0 [0x001DC995+772501]
	Ordinal0 [0x001DCE6D+773741]
	Ordinal0 [0x001EDE5A+843354]
	Ordinal0 [0x002449BD+1198525]
	Ordinal0 [0x0023414C+1130828]
	Ordinal0 [0x00244302+1196802]
	Ordinal0 [0x00233F66+1130342]
	Ordinal0 [0x0020E546+976198]
	Ordinal0 [0x0020F456+980054]
	GetHandleVerifier [0x00519632+1727522]
	GetHandleVerifier [0x005CBA4D+2457661]
	GetHandleVerifier [0x003FEB81+569713]
	GetHandleVerifier [0x003FDD76+566118]
	Ordinal0 [0x00300B2B+1968939]
	Ordinal0 [0x00305988+1989000]
	Ordinal0 [0x00305A75+1989237]
	Ordinal0 [0x0030ECB1+2026673]
	BaseThreadInitThunk [0x75C1FA29+25]
	RtlGetAppContainerNamedObjectPath [0x77767A7E+286]
	RtlGetAppContainerNamedObjectPath [0x77767A4E+238]
</msg>
<status status="FAIL" starttime="20220503 09:57:42.161" endtime="20220503 09:57:50.500"/>
</kw>
<kw name="Sleep" library="BuiltIn">
<arg>3</arg>
<doc>Pauses the test executed for the given time.</doc>
<status status="NOT RUN" starttime="20220503 09:57:50.501" endtime="20220503 09:57:50.501"/>
</kw>
<kw name="Get Value" library="SeleniumLibrary">
<var>${firstname}</var>
<arg>//*[@id='form-register-firstname']</arg>
<doc>Returns the value attribute of the element identified by ``locator``.</doc>
<status status="NOT RUN" starttime="20220503 09:57:50.501" endtime="20220503 09:57:50.501"/>
</kw>
<kw name="Should Be Equal" library="BuiltIn">
<arg>${firstname}</arg>
<arg>\</arg>
<doc>Fails if the given objects are unequal.</doc>
<status status="NOT RUN" starttime="20220503 09:57:50.501" endtime="20220503 09:57:50.501"/>
</kw>
<kw name="Get Value" library="SeleniumLibrary">
<var>${lastname}</var>
<arg>//*[@id='form-register-lastname']</arg>
<doc>Returns the value attribute of the element identified by ``locator``.</doc>
<status status="NOT RUN" starttime="20220503 09:57:50.501" endtime="20220503 09:57:50.501"/>
</kw>
<kw name="Should Be Equal" library="BuiltIn">
<arg>${lastname}</arg>
<arg>\</arg>
<doc>Fails if the given objects are unequal.</doc>
<status status="NOT RUN" starttime="20220503 09:57:50.501" endtime="20220503 09:57:50.501"/>
</kw>
<kw name="Get Value" library="SeleniumLibrary">
<var>${username}</var>
<arg>//*[@id='form-register-username']</arg>
<doc>Returns the value attribute of the element identified by ``locator``.</doc>
<status status="NOT RUN" starttime="20220503 09:57:50.502" endtime="20220503 09:57:50.502"/>
</kw>
<kw name="Should Be Equal" library="BuiltIn">
<arg>${username}</arg>
<arg>\</arg>
<doc>Fails if the given objects are unequal.</doc>
<status status="NOT RUN" starttime="20220503 09:57:50.502" endtime="20220503 09:57:50.502"/>
</kw>
<kw name="Get Value" library="SeleniumLibrary">
<var>${password}</var>
<arg>//*[@id='form-register-password']</arg>
<doc>Returns the value attribute of the element identified by ``locator``.</doc>
<status status="NOT RUN" starttime="20220503 09:57:50.502" endtime="20220503 09:57:50.502"/>
</kw>
<kw name="Should Be Equal" library="BuiltIn">
<arg>${password}</arg>
<arg>\</arg>
<doc>Fails if the given objects are unequal.</doc>
<status status="NOT RUN" starttime="20220503 09:57:50.502" endtime="20220503 09:57:50.502"/>
</kw>
<kw name="Get Value" library="SeleniumLibrary">
<var>${confirm-password}</var>
<arg>//*[@id='form-register-confirm-password']</arg>
<doc>Returns the value attribute of the element identified by ``locator``.</doc>
<status status="NOT RUN" starttime="20220503 09:57:50.503" endtime="20220503 09:57:50.503"/>
</kw>
<kw name="Should Be Equal" library="BuiltIn">
<arg>${confirm-password}</arg>
<arg>\</arg>
<doc>Fails if the given objects are unequal.</doc>
<status status="NOT RUN" starttime="20220503 09:57:50.503" endtime="20220503 09:57:50.503"/>
</kw>
<kw name="Get Value" library="SeleniumLibrary">
<var>${email}</var>
<arg>//*[@id='form-register-email']</arg>
<doc>Returns the value attribute of the element identified by ``locator``.</doc>
<status status="NOT RUN" starttime="20220503 09:57:50.503" endtime="20220503 09:57:50.503"/>
</kw>
<kw name="Should Be Equal" library="BuiltIn">
<arg>${email}</arg>
<arg>\</arg>
<doc>Fails if the given objects are unequal.</doc>
<status status="NOT RUN" starttime="20220503 09:57:50.503" endtime="20220503 09:57:50.503"/>
</kw>
<kw name="Get Value" library="SeleniumLibrary">
<var>${phone-number}</var>
<arg>//*[@id='form-register-phone-number']</arg>
<doc>Returns the value attribute of the element identified by ``locator``.</doc>
<status status="NOT RUN" starttime="20220503 09:57:50.503" endtime="20220503 09:57:50.503"/>
</kw>
<kw name="Should Be Equal" library="BuiltIn">
<arg>${phone-number}</arg>
<arg>\</arg>
<doc>Fails if the given objects are unequal.</doc>
<status status="NOT RUN" starttime="20220503 09:57:50.503" endtime="20220503 09:57:50.503"/>
</kw>
<kw name="Get Value" library="SeleniumLibrary">
<var>${display-name}</var>
<arg>//*[@id='form-register-display-name']</arg>
<doc>Returns the value attribute of the element identified by ``locator``.</doc>
<status status="NOT RUN" starttime="20220503 09:57:50.504" endtime="20220503 09:57:50.504"/>
</kw>
<kw name="Should Be Equal" library="BuiltIn">
<arg>${display-name}</arg>
<arg>\</arg>
<doc>Fails if the given objects are unequal.</doc>
<status status="NOT RUN" starttime="20220503 09:57:50.504" endtime="20220503 09:57:50.504"/>
</kw>
<kw name="Get Element Attribute" library="SeleniumLibrary">
<var>${value}</var>
<arg>//*[@id='mui-3']</arg>
<arg>value</arg>
<doc>Returns the value of ``attribute`` from the element ``locator``.</doc>
<status status="NOT RUN" starttime="20220503 09:57:50.504" endtime="20220503 09:57:50.504"/>
</kw>
<kw name="Get Length" library="BuiltIn">
<var>${backspaces count}</var>
<arg>${value}</arg>
<doc>Returns and logs the length of the given item as an integer.</doc>
<status status="NOT RUN" starttime="20220503 09:57:50.504" endtime="20220503 09:57:50.504"/>
</kw>
<kw name="Run Keyword If" library="BuiltIn">
<arg>"""${value}""" != ''</arg>
<arg>Repeat Keyword</arg>
<arg>${backspaces count +1}</arg>
<arg>Press Key</arg>
<arg>//*[@id='mui-3']</arg>
<arg>\\08</arg>
<doc>Runs the given keyword with the given arguments, if ``condition`` is true.</doc>
<status status="NOT RUN" starttime="20220503 09:57:50.504" endtime="20220503 09:57:50.504"/>
</kw>
<kw name="Get Value" library="SeleniumLibrary">
<var>${bdate}</var>
<arg>//*[@id='mui-3']</arg>
<doc>Returns the value attribute of the element identified by ``locator``.</doc>
<status status="NOT RUN" starttime="20220503 09:57:50.505" endtime="20220503 09:57:50.505"/>
</kw>
<kw name="Should Be Equal" library="BuiltIn">
<arg>${bdate}</arg>
<arg>\</arg>
<doc>Fails if the given objects are unequal.</doc>
<status status="NOT RUN" starttime="20220503 09:57:50.505" endtime="20220503 09:57:50.505"/>
</kw>
<kw name="Get Value" library="SeleniumLibrary">
<var>${display-name}</var>
<arg>//*[@id='form-register-citizen-id']</arg>
<doc>Returns the value attribute of the element identified by ``locator``.</doc>
<status status="NOT RUN" starttime="20220503 09:57:50.505" endtime="20220503 09:57:50.505"/>
</kw>
<kw name="Should Be Equal" library="BuiltIn">
<arg>${display-name}</arg>
<arg>\</arg>
<doc>Fails if the given objects are unequal.</doc>
<status status="NOT RUN" starttime="20220503 09:57:50.505" endtime="20220503 09:57:50.505"/>
</kw>
<kw name="Click Button" library="SeleniumLibrary">
<arg>//button[contains(text(),'Register')]</arg>
<doc>Clicks the button identified by ``locator``.</doc>
<status status="NOT RUN" starttime="20220503 09:57:50.505" endtime="20220503 09:57:50.505"/>
</kw>
<kw name="Sleep" library="BuiltIn">
<arg>3</arg>
<doc>Pauses the test executed for the given time.</doc>
<status status="NOT RUN" starttime="20220503 09:57:50.506" endtime="20220503 09:57:50.506"/>
</kw>
<kw name="Close Browser" library="SeleniumLibrary" type="TEARDOWN">
<doc>Closes the current browser.</doc>
<errors>
<msg timestamp="20220503 09:57:50.493" level="WARN">Keyword 'Capture Page Screenshot' could not be run on failure: Execution terminated by signal</msg>
<msg timestamp="20220503 09:57:54.557" level="ERROR">Execution stopped by user.</msg>
</errors>
</robot>
